<?xml version="1.0" encoding="UTF-8"?>
<testsuite name="unitTest.NumberOfAnswersOfTheSecondType" tests="2" skipped="0" failures="0" errors="0" timestamp="2020-10-15T23:51:02" hostname="maria-TM1701" time="0.001">
  <properties/>
  <testcase name="notAllAnswersOfSecondType()" classname="unitTest.NumberOfAnswersOfTheSecondType" time="0.0"/>
  <testcase name="allAnswersOfSecondType()" classname="unitTest.NumberOfAnswersOfTheSecondType" time="0.0"/>
  <system-out><![CDATA[]]></system-out>
  <system-err><![CDATA[]]></system-err>
</testsuite>
