<?xml version="1.0" encoding="UTF-8"?>
<testsuite name="tests.InstallOfTimeToCall" tests="1" skipped="0" failures="0" errors="0" timestamp="2020-10-15T18:27:59" hostname="maria-TM1701" time="0.031">
  <properties/>
  <testcase name="install()" classname="tests.InstallOfTimeToCall" time="0.031"/>
  <system-out><![CDATA[]]></system-out>
  <system-err><![CDATA[]]></system-err>
</testsuite>
