<?xml version="1.0" encoding="UTF-8"?>
<testsuite name="tests.ResettingAge" tests="1" skipped="0" failures="0" errors="0" timestamp="2020-10-11T20:47:03" hostname="maria-TM1701" time="0.001">
  <properties/>
  <testcase name="resetting()" classname="tests.ResettingAge" time="0.001"/>
  <system-out><![CDATA[]]></system-out>
  <system-err><![CDATA[]]></system-err>
</testsuite>
