<?xml version="1.0" encoding="UTF-8"?>
<testsuite name="tests.LruAlgorithm" tests="2" skipped="0" failures="0" errors="0" timestamp="2020-10-15T11:45:25" hostname="maria-TM1701" time="0.03">
  <properties/>
  <testcase name="otherSize()" classname="tests.LruAlgorithm" time="0.029"/>
  <testcase name="oneFrame()" classname="tests.LruAlgorithm" time="0.0"/>
  <system-out><![CDATA[]]></system-out>
  <system-err><![CDATA[]]></system-err>
</testsuite>
