<?xml version="1.0" encoding="UTF-8"?>
<testsuite name="tests.ReductionOfTimeToCall" tests="2" skipped="0" failures="0" errors="0" timestamp="2020-10-15T18:27:59" hostname="maria-TM1701" time="0.002">
  <properties/>
  <testcase name="notZeroMap()" classname="tests.ReductionOfTimeToCall" time="0.001"/>
  <testcase name="zeroMap()" classname="tests.ReductionOfTimeToCall" time="0.001"/>
  <system-out><![CDATA[]]></system-out>
  <system-err><![CDATA[]]></system-err>
</testsuite>
