<?xml version="1.0" encoding="UTF-8"?>
<testsuite name="tests.OptAlgorithm" tests="3" skipped="0" failures="0" errors="0" timestamp="2020-10-11T20:47:03" hostname="maria-TM1701" time="0.002">
  <properties/>
  <testcase name="otherSize()" classname="tests.OptAlgorithm" time="0.001"/>
  <testcase name="zeroSize()" classname="tests.OptAlgorithm" time="0.0"/>
  <testcase name="oneFrame()" classname="tests.OptAlgorithm" time="0.0"/>
  <system-out><![CDATA[]]></system-out>
  <system-err><![CDATA[]]></system-err>
</testsuite>
