<?xml version="1.0" encoding="UTF-8"?>
<testsuite name="unitTest.SortAlgorithms" tests="2" skipped="0" failures="0" errors="0" timestamp="2020-10-15T23:51:02" hostname="maria-TM1701" time="0.002">
  <properties/>
  <testcase name="equalRes()" classname="unitTest.SortAlgorithms" time="0.002"/>
  <testcase name="notEqualRes()" classname="unitTest.SortAlgorithms" time="0.0"/>
  <system-out><![CDATA[]]></system-out>
  <system-err><![CDATA[]]></system-err>
</testsuite>
