<?xml version="1.0" encoding="UTF-8"?>
<testsuite name="tests.DataProcessingTest" tests="2" skipped="0" failures="0" errors="0" timestamp="2020-10-11T20:47:03" hostname="maria-TM1701" time="0.011">
  <properties/>
  <testcase name="withoutInvalidCalls()" classname="tests.DataProcessingTest" time="0.007"/>
  <testcase name="withInvalidCalls()" classname="tests.DataProcessingTest" time="0.003"/>
  <system-out><![CDATA[There were invalid calls in the call sequence.
These calls will be ignored.

]]></system-out>
  <system-err><![CDATA[]]></system-err>
</testsuite>
